#
# There is insufficient memory for the Java Runtime Environment to continue.
# Native memory allocation (malloc) failed to allocate 245456 bytes for Chunk::new
# Possible reasons:
#   The system is out of physical RAM or swap space
#   In 32 bit mode, the process size limit was hit
# Possible solutions:
#   Reduce memory load on the system
#   Increase physical memory or swap space
#   Check if swap backing store is full
#   Use 64 bit Java on a 64 bit OS
#   Decrease Java heap size (-Xmx/-Xms)
#   Decrease number of Java threads
#   Decrease Java thread stack sizes (-Xss)
#   Set larger code cache with -XX:ReservedCodeCacheSize=
# This output file may be truncated or incomplete.
#
#  Out of Memory Error (allocation.cpp:390), pid=468, tid=0x0000000000001370
#
# JRE version: Java(TM) SE Runtime Environment (8.0_171-b11) (build 1.8.0_171-b11)
# Java VM: Java HotSpot(TM) 64-Bit Server VM (25.171-b11 mixed mode windows-amd64 compressed oops)
# Failed to write core dump. Minidumps are not enabled by default on client versions of Windows
#

---------------  T H R E A D  ---------------

Current thread (0x00000000152c9000):  JavaThread "C2 CompilerThread0" daemon [_thread_in_native, id=4976, stack(0x0000000017290000,0x0000000017390000)]

Stack: [0x0000000017290000,0x0000000017390000]
[error occurred during error reporting (printing stack bounds), id 0xc0000005]

Native frames: (J=compiled Java code, j=interpreted, Vv=VM code, C=native code)


Current CompileTask:
C2:   1427 1135       4       org.objectweb.asm.MethodWriter::visitMethodInsn (228 bytes)


---------------  P R O C E S S  ---------------

Java Threads: ( => current thread )
  0x00000000152ce800 JavaThread "Service Thread" daemon [_thread_blocked, id=13724, stack(0x0000000017590000,0x0000000017690000)]
  0x00000000152cd800 JavaThread "C1 CompilerThread2" daemon [_thread_blocked, id=4480, stack(0x0000000017490000,0x0000000017590000)]
  0x00000000152cc800 JavaThread "C2 CompilerThread1" daemon [_thread_in_native, id=4688, stack(0x0000000017390000,0x0000000017490000)]
=>0x00000000152c9000 JavaThread "C2 CompilerThread0" daemon [_thread_in_native, id=4976, stack(0x0000000017290000,0x0000000017390000)]
  0x0000000016c9b000 JavaThread "Attach Listener" daemon [_thread_blocked, id=12236, stack(0x0000000017190000,0x0000000017290000)]
  0x0000000016c9a800 JavaThread "Signal Dispatcher" daemon [_thread_blocked, id=13344, stack(0x0000000017090000,0x0000000017190000)]
  0x00000000152a1800 JavaThread "Finalizer" daemon [_thread_blocked, id=1480, stack(0x0000000016b30000,0x0000000016c30000)]
  0x000000001527b000 JavaThread "Reference Handler" daemon [_thread_blocked, id=2032, stack(0x0000000016a30000,0x0000000016b30000)]
  0x0000000004c18000 JavaThread "main" [_thread_in_Java, id=12232, stack(0x0000000004a50000,0x0000000004b50000)]

Other Threads:
  0x0000000015276800 VMThread [stack: 0x0000000016930000,0x0000000016a30000] [id=13772]
  0x0000000016d8b800 WatcherThread [stack: 0x0000000017690000,0x0000000017790000] [id=14288]

VM state:not at safepoint (normal execution)

VM Mutex/Monitor currently owned by a thread: None

Heap:
 PSYoungGen      total 18944K, used 16339K [0x00000000feb00000, 0x0000000100000000, 0x0000000100000000)
  eden space 16384K, 84% used [0x00000000feb00000,0x00000000ff87adf8,0x00000000ffb00000)
  from space 2560K, 99% used [0x00000000ffb00000,0x00000000ffd7a020,0x00000000ffd80000)
  to   space 2560K, 0% used [0x00000000ffd80000,0x00000000ffd80000,0x0000000100000000)
 ParOldGen       total 44032K, used 7153K [0x00000000fc000000, 0x00000000feb00000, 0x00000000feb00000)
  object space 44032K, 16% used [0x00000000fc000000,0x00000000fc6fc738,0x00000000feb00000)
 Metaspace       used 7931K, capacity 8156K, committed 8192K, reserved 1056768K
  class space    used 908K, capacity 1002K, committed 1024K, reserved 1048576K

Card table byte_map: [0x0000000004b60000,0x0000000004b90000] byte_map_base: 0x0000000004380000

Marking Bits: (ParMarkBitMap*) 0x000000006f4908c0
 Begin Bits: [0x00000000146d0000, 0x00000000147d0000)
 End Bits:   [0x00000000147d0000, 0x00000000148d0000)

Polling page: 0x0000000002ac0000

CodeCache: size=245760Kb used=4330Kb max_used=4330Kb free=241429Kb
 bounds [0x0000000004d10000, 0x0000000005150000, 0x0000000013d10000]
 total_blobs=1538 nmethods=1201 adapters=249
 compilation: enabled

Compilation events (10 events):
Event: 1.420 Thread 0x00000000152cd800 1202       3       java.nio.Buffer::flip (20 bytes)
Event: 1.420 Thread 0x00000000152cd800 nmethod 1202 0x000000000514c390 code [0x000000000514c4e0, 0x000000000514c650]
Event: 1.421 Thread 0x00000000152cd800 1203       3       java.lang.Long::valueOf (36 bytes)
Event: 1.421 Thread 0x00000000152cd800 nmethod 1203 0x000000000514c6d0 code [0x000000000514c840, 0x000000000514cbb0]
Event: 1.422 Thread 0x00000000152cd800 1204       3       com.google.devtools.build.android.desugar.InvokeDynamicLambdaMethodCollector::visitOuterClass (37 bytes)
Event: 1.422 Thread 0x00000000152cd800 nmethod 1204 0x000000000514cd90 code [0x000000000514cf20, 0x000000000514d4b8]
Event: 1.422 Thread 0x00000000152cd800 1205       3       com.google.devtools.build.android.desugar.InterfaceDesugaring::visitOuterClass (31 bytes)
Event: 1.422 Thread 0x00000000152cd800 nmethod 1205 0x000000000514d690 code [0x000000000514d820, 0x000000000514dbf8]
Event: 1.422 Thread 0x00000000152cd800 1206       3       org.objectweb.asm.ClassWriter::visitOuterClass (28 bytes)
Event: 1.422 Thread 0x00000000152cd800 nmethod 1206 0x000000000514dd90 code [0x000000000514df20, 0x000000000514e298]

GC Heap History (6 events):
Event: 0.553 GC heap before
{Heap before GC invocations=1 (full 0):
 PSYoungGen      total 18944K, used 16384K [0x00000000feb00000, 0x0000000100000000, 0x0000000100000000)
  eden space 16384K, 100% used [0x00000000feb00000,0x00000000ffb00000,0x00000000ffb00000)
  from space 2560K, 0% used [0x00000000ffd80000,0x00000000ffd80000,0x0000000100000000)
  to   space 2560K, 0% used [0x00000000ffb00000,0x00000000ffb00000,0x00000000ffd80000)
 ParOldGen       total 44032K, used 0K [0x00000000fc000000, 0x00000000feb00000, 0x00000000feb00000)
  object space 44032K, 0% used [0x00000000fc000000,0x00000000fc000000,0x00000000feb00000)
 Metaspace       used 6922K, capacity 7086K, committed 7424K, reserved 1056768K
  class space    used 830K, capacity 903K, committed 1024K, reserved 1048576K
Event: 0.587 GC heap after
Heap after GC invocations=1 (full 0):
 PSYoungGen      total 18944K, used 2530K [0x00000000feb00000, 0x0000000100000000, 0x0000000100000000)
  eden space 16384K, 0% used [0x00000000feb00000,0x00000000feb00000,0x00000000ffb00000)
  from space 2560K, 98% used [0x00000000ffb00000,0x00000000ffd789e8,0x00000000ffd80000)
  to   space 2560K, 0% used [0x00000000ffd80000,0x00000000ffd80000,0x0000000100000000)
 ParOldGen       total 44032K, used 1070K [0x00000000fc000000, 0x00000000feb00000, 0x00000000feb00000)
  object space 44032K, 2% used [0x00000000fc000000,0x00000000fc10bad0,0x00000000feb00000)
 Metaspace       used 6922K, capacity 7086K, committed 7424K, reserved 1056768K
  class space    used 830K, capacity 903K, committed 1024K, reserved 1048576K
}
Event: 0.749 GC heap before
{Heap before GC invocations=2 (full 0):
 PSYoungGen      total 18944K, used 18914K [0x00000000feb00000, 0x0000000100000000, 0x0000000100000000)
  eden space 16384K, 100% used [0x00000000feb00000,0x00000000ffb00000,0x00000000ffb00000)
  from space 2560K, 98% used [0x00000000ffb00000,0x00000000ffd789e8,0x00000000ffd80000)
  to   space 2560K, 0% used [0x00000000ffd80000,0x00000000ffd80000,0x0000000100000000)
 ParOldGen       total 44032K, used 1070K [0x00000000fc000000, 0x00000000feb00000, 0x00000000feb00000)
  object space 44032K, 2% used [0x00000000fc000000,0x00000000fc10bad0,0x00000000feb00000)
 Metaspace       used 7082K, capacity 7292K, committed 7424K, reserved 1056768K
  class space    used 844K, capacity 906K, committed 1024K, reserved 1048576K
Event: 0.758 GC heap after
Heap after GC invocations=2 (full 0):
 PSYoungGen      total 18944K, used 2533K [0x00000000feb00000, 0x0000000100000000, 0x0000000100000000)
  eden space 16384K, 0% used [0x00000000feb00000,0x00000000feb00000,0x00000000ffb00000)
  from space 2560K, 98% used [0x00000000ffd80000,0x00000000ffff9498,0x0000000100000000)
  to   space 2560K, 0% used [0x00000000ffb00000,0x00000000ffb00000,0x00000000ffd80000)
 ParOldGen       total 44032K, used 5802K [0x00000000fc000000, 0x00000000feb00000, 0x00000000feb00000)
  object space 44032K, 13% used [0x00000000fc000000,0x00000000fc5aab28,0x00000000feb00000)
 Metaspace       used 7082K, capacity 7292K, committed 7424K, reserved 1056768K
  class space    used 844K, capacity 906K, committed 1024K, reserved 1048576K
}
Event: 1.230 GC heap before
{Heap before GC invocations=3 (full 0):
 PSYoungGen      total 18944K, used 18917K [0x00000000feb00000, 0x0000000100000000, 0x0000000100000000)
  eden space 16384K, 100% used [0x00000000feb00000,0x00000000ffb00000,0x00000000ffb00000)
  from space 2560K, 98% used [0x00000000ffd80000,0x00000000ffff9498,0x0000000100000000)
  to   space 2560K, 0% used [0x00000000ffb00000,0x00000000ffb00000,0x00000000ffd80000)
 ParOldGen       total 44032K, used 5802K [0x00000000fc000000, 0x00000000feb00000, 0x00000000feb00000)
  object space 44032K, 13% used [0x00000000fc000000,0x00000000fc5aab28,0x00000000feb00000)
 Metaspace       used 7854K, capacity 8092K, committed 8192K, reserved 1056768K
  class space    used 908K, capacity 1002K, committed 1024K, reserved 1048576K
Event: 1.260 GC heap after
Heap after GC invocations=3 (full 0):
 PSYoungGen      total 18944K, used 2536K [0x00000000feb00000, 0x0000000100000000, 0x0000000100000000)
  eden space 16384K, 0% used [0x00000000feb00000,0x00000000feb00000,0x00000000ffb00000)
  from space 2560K, 99% used [0x00000000ffb00000,0x00000000ffd7a020,0x00000000ffd80000)
  to   space 2560K, 0% used [0x00000000ffd80000,0x00000000ffd80000,0x0000000100000000)
 ParOldGen       total 44032K, used 7153K [0x00000000fc000000, 0x00000000feb00000, 0x00000000feb00000)
  object space 44032K, 16% used [0x00000000fc000000,0x00000000fc6fc738,0x00000000feb00000)
 Metaspace       used 7854K, capacity 8092K, committed 8192K, reserved 1056768K
  class space    used 908K, capacity 1002K, committed 1024K, reserved 1048576K
}

Deoptimization events (10 events):
Event: 1.006 Thread 0x0000000004c18000 Uncommon trap: reason=unstable_if action=reinterpret pc=0x0000000005052380 method=org.objectweb.asm.Item.isEqualTo(Lorg/objectweb/asm/Item;)Z @ 251
Event: 1.006 Thread 0x0000000004c18000 Uncommon trap: reason=unstable_if action=reinterpret pc=0x00000000050a11a8 method=java.io.BufferedOutputStream.write(I)V @ 9
Event: 1.027 Thread 0x0000000004c18000 Uncommon trap: reason=unstable_if action=reinterpret pc=0x0000000005061c04 method=org.objectweb.asm.MethodWriter.visitVarInsn(II)V @ 142
Event: 1.176 Thread 0x0000000004c18000 Uncommon trap: reason=bimorphic action=maybe_recompile pc=0x00000000050d1d54 method=org.objectweb.asm.MethodVisitor.visitLocalVariable(Ljava/lang/String;Ljava/lang/String;Ljava/lang/String;Lorg/objectweb/asm/Label;Lorg/objectweb/asm/Label;I)V @ 20
Event: 1.180 Thread 0x0000000004c18000 Uncommon trap: reason=bimorphic action=maybe_recompile pc=0x00000000050d1d54 method=org.objectweb.asm.MethodVisitor.visitLocalVariable(Ljava/lang/String;Ljava/lang/String;Ljava/lang/String;Lorg/objectweb/asm/Label;Lorg/objectweb/asm/Label;I)V @ 20
Event: 1.180 Thread 0x0000000004c18000 Uncommon trap: reason=bimorphic action=maybe_recompile pc=0x00000000050d1d54 method=org.objectweb.asm.MethodVisitor.visitLocalVariable(Ljava/lang/String;Ljava/lang/String;Ljava/lang/String;Lorg/objectweb/asm/Label;Lorg/objectweb/asm/Label;I)V @ 20
Event: 1.182 Thread 0x0000000004c18000 Uncommon trap: reason=bimorphic action=maybe_recompile pc=0x00000000050d1d54 method=org.objectweb.asm.MethodVisitor.visitLocalVariable(Ljava/lang/String;Ljava/lang/String;Ljava/lang/String;Lorg/objectweb/asm/Label;Lorg/objectweb/asm/Label;I)V @ 20
Event: 1.319 Thread 0x0000000004c18000 Uncommon trap: reason=null_check action=make_not_entrant pc=0x00000000051054a0 method=com.google.devtools.build.android.desugar.InterfaceDesugaring$InterfaceInvocationRewriter.visitMethodInsn(ILjava/lang/String;Ljava/lang/String;Ljava/lang/String;Z)V @ 10
Event: 1.345 Thread 0x0000000004c18000 Uncommon trap: reason=unstable_if action=reinterpret pc=0x00000000050cc3c8 method=org.objectweb.asm.ByteVector.putByteArray([BII)Lorg/objectweb/asm/ByteVector; @ 20
Event: 1.345 Thread 0x0000000004c18000 Uncommon trap: reason=unstable_if action=reinterpret pc=0x00000000050b9644 method=org.objectweb.asm.Label.resolve(Lorg/objectweb/asm/MethodWriter;I[B)Z @ 56

Classes redefined (0 events):
No events

Internal exceptions (10 events):
Event: 0.642 Thread 0x0000000004c18000 Exception <a 'sun/nio/fs/WindowsException'> (0x00000000ff433c88) thrown at [C:\re\workspace\8-2-build-windows-amd64-cygwin\jdk8u171\10807\hotspot\src\share\vm\prims\jni.cpp, line 709]
Event: 0.642 Thread 0x0000000004c18000 Exception <a 'sun/nio/fs/WindowsException'> (0x00000000ff434280) thrown at [C:\re\workspace\8-2-build-windows-amd64-cygwin\jdk8u171\10807\hotspot\src\share\vm\prims\jni.cpp, line 709]
Event: 0.642 Thread 0x0000000004c18000 Exception <a 'sun/nio/fs/WindowsException'> (0x00000000ff434a50) thrown at [C:\re\workspace\8-2-build-windows-amd64-cygwin\jdk8u171\10807\hotspot\src\share\vm\prims\jni.cpp, line 709]
Event: 0.644 Thread 0x0000000004c18000 Exception <a 'sun/nio/fs/WindowsException'> (0x00000000ff439a50) thrown at [C:\re\workspace\8-2-build-windows-amd64-cygwin\jdk8u171\10807\hotspot\src\share\vm\prims\jni.cpp, line 709]
Event: 0.763 Thread 0x0000000004c18000 Exception <a 'sun/nio/fs/WindowsException'> (0x00000000feb8fcc0) thrown at [C:\re\workspace\8-2-build-windows-amd64-cygwin\jdk8u171\10807\hotspot\src\share\vm\prims\jni.cpp, line 709]
Event: 0.763 Thread 0x0000000004c18000 Exception <a 'sun/nio/fs/WindowsException'> (0x00000000feb90240) thrown at [C:\re\workspace\8-2-build-windows-amd64-cygwin\jdk8u171\10807\hotspot\src\share\vm\prims\jni.cpp, line 709]
Event: 0.820 Thread 0x0000000004c18000 Exception <a 'sun/nio/fs/WindowsException'> (0x00000000fed1e550) thrown at [C:\re\workspace\8-2-build-windows-amd64-cygwin\jdk8u171\10807\hotspot\src\share\vm\prims\jni.cpp, line 709]
Event: 0.826 Thread 0x0000000004c18000 Exception <a 'sun/nio/fs/WindowsException'> (0x00000000fed1ea50) thrown at [C:\re\workspace\8-2-build-windows-amd64-cygwin\jdk8u171\10807\hotspot\src\share\vm\prims\jni.cpp, line 709]
Event: 1.319 Thread 0x0000000004c18000 Implicit null exception at 0x0000000005103c25 to 0x0000000005105491
Event: 1.345 Thread 0x0000000004c18000 Implicit null exception at 0x00000000050cc2f6 to 0x00000000050cc3a9

Events (10 events):
Event: 1.267 Thread 0x0000000004c18000 DEOPT UNPACKING pc=0x0000000004d57890 sp=0x0000000004b4ea90 mode 0
Event: 1.319 Thread 0x0000000004c18000 Uncommon trap: trap_request=0xfffffff4 fr.pc=0x00000000051054a0
Event: 1.319 Thread 0x0000000004c18000 DEOPT PACKING pc=0x00000000051054a0 sp=0x0000000004b4e6b0
Event: 1.319 Thread 0x0000000004c18000 DEOPT UNPACKING pc=0x0000000004d5583b sp=0x0000000004b4e6a0 mode 2
Event: 1.345 Thread 0x0000000004c18000 Uncommon trap: trap_request=0xffffff65 fr.pc=0x00000000050cc3c8
Event: 1.345 Thread 0x0000000004c18000 DEOPT PACKING pc=0x00000000050cc3c8 sp=0x0000000004b4e570
Event: 1.345 Thread 0x0000000004c18000 DEOPT UNPACKING pc=0x0000000004d5583b sp=0x0000000004b4e548 mode 2
Event: 1.345 Thread 0x0000000004c18000 Uncommon trap: trap_request=0xffffff65 fr.pc=0x00000000050b9644
Event: 1.345 Thread 0x0000000004c18000 DEOPT PACKING pc=0x00000000050b9644 sp=0x0000000004b4e6d0
Event: 1.345 Thread 0x0000000004c18000 DEOPT UNPACKING pc=0x0000000004d5583b sp=0x0000000004b4e5e8 mode 2


Dynamic libraries:
0x00007ff792410000 - 0x00007ff792447000 	C:\Program Files\Java\jdk1.8.0_171\bin\java.exe
0x00007ff9ee5d0000 - 0x00007ff9ee7b0000 	C:\windows\SYSTEM32\ntdll.dll
0x00007ff9eddd0000 - 0x00007ff9ede7e000 	C:\windows\System32\KERNEL32.DLL
0x00007ff9eb150000 - 0x00007ff9eb3b6000 	C:\windows\System32\KERNELBASE.dll
0x00007ff9eda90000 - 0x00007ff9edb31000 	C:\windows\System32\ADVAPI32.dll
0x00007ff9ed210000 - 0x00007ff9ed2ad000 	C:\windows\System32\msvcrt.dll
0x00007ff9ed5b0000 - 0x00007ff9ed60b000 	C:\windows\System32\sechost.dll
0x00007ff9edb40000 - 0x00007ff9edc5f000 	C:\windows\System32\RPCRT4.dll
0x00007ff9ed2d0000 - 0x00007ff9ed45f000 	C:\windows\System32\USER32.dll
0x00007ff9eb840000 - 0x00007ff9eb860000 	C:\windows\System32\win32u.dll
0x00007ff9ed070000 - 0x00007ff9ed098000 	C:\windows\System32\GDI32.dll
0x00007ff9ea730000 - 0x00007ff9ea8c3000 	C:\windows\System32\gdi32full.dll
0x00007ff9eb0b0000 - 0x00007ff9eb14b000 	C:\windows\System32\msvcp_win.dll
0x00007ff9eb690000 - 0x00007ff9eb785000 	C:\windows\System32\ucrtbase.dll
0x00007ff9ddde0000 - 0x00007ff9de049000 	C:\windows\WinSxS\amd64_microsoft.windows.common-controls_6595b64144ccf1df_6.0.16299.847_none_15cddd1e93602b6a\COMCTL32.dll
0x00007ff9ed670000 - 0x00007ff9ed976000 	C:\windows\System32\combase.dll
0x00007ff9ea8e0000 - 0x00007ff9ea952000 	C:\windows\System32\bcryptPrimitives.dll
0x00007ff9ebc00000 - 0x00007ff9ebc2d000 	C:\windows\System32\IMM32.DLL
0x00000000701c0000 - 0x0000000070292000 	C:\Program Files\Java\jdk1.8.0_171\jre\bin\msvcr100.dll
0x000000006ec70000 - 0x000000006f510000 	C:\Program Files\Java\jdk1.8.0_171\jre\bin\server\jvm.dll
0x00007ff9eb860000 - 0x00007ff9eb883000 	C:\windows\System32\WINMM.dll
0x00007ff9ea690000 - 0x00007ff9ea6ba000 	C:\windows\System32\WINMMBASE.dll
0x00007ff9ea6e0000 - 0x00007ff9ea72a000 	C:\windows\System32\cfgmgr32.dll
0x00007ff9ebbf0000 - 0x00007ff9ebbf8000 	C:\windows\System32\PSAPI.DLL
0x00007ff9e4370000 - 0x00007ff9e4379000 	C:\windows\SYSTEM32\WSOCK32.dll
0x00007ff9ede80000 - 0x00007ff9edeec000 	C:\windows\System32\WS2_32.dll
0x00007ff9e93b0000 - 0x00007ff9e93ba000 	C:\windows\SYSTEM32\VERSION.dll
0x00000000701b0000 - 0x00000000701bf000 	C:\Program Files\Java\jdk1.8.0_171\jre\bin\verify.dll
0x0000000070180000 - 0x00000000701a9000 	C:\Program Files\Java\jdk1.8.0_171\jre\bin\java.dll
0x0000000070160000 - 0x0000000070176000 	C:\Program Files\Java\jdk1.8.0_171\jre\bin\zip.dll
0x00007ff9ebc30000 - 0x00007ff9ed068000 	C:\windows\System32\SHELL32.dll
0x00007ff9ed9e0000 - 0x00007ff9eda86000 	C:\windows\System32\shcore.dll
0x00007ff9ea960000 - 0x00007ff9eb0a7000 	C:\windows\System32\windows.storage.dll
0x00007ff9ed980000 - 0x00007ff9ed9d1000 	C:\windows\System32\shlwapi.dll
0x00007ff9ea670000 - 0x00007ff9ea681000 	C:\windows\System32\kernel.appcore.dll
0x00007ff9eb640000 - 0x00007ff9eb68c000 	C:\windows\System32\powrprof.dll
0x00007ff9ea650000 - 0x00007ff9ea66b000 	C:\windows\System32\profapi.dll
0x00007ff9ea020000 - 0x00007ff9ea037000 	C:\windows\SYSTEM32\CRYPTSP.dll
0x00007ff9e9a50000 - 0x00007ff9e9a83000 	C:\windows\system32\rsaenh.dll
0x00007ff9ea120000 - 0x00007ff9ea145000 	C:\windows\SYSTEM32\bcrypt.dll
0x00007ff9ea550000 - 0x00007ff9ea579000 	C:\windows\SYSTEM32\USERENV.dll
0x00007ff9ea010000 - 0x00007ff9ea01b000 	C:\windows\SYSTEM32\CRYPTBASE.dll
0x0000000070140000 - 0x000000007015a000 	C:\Program Files\Java\jdk1.8.0_171\jre\bin\net.dll
0x00007ff9e9e50000 - 0x00007ff9e9eb6000 	C:\windows\system32\mswsock.dll
0x00007ff9e9be0000 - 0x00007ff9e9c19000 	C:\windows\SYSTEM32\IPHLPAPI.DLL
0x00007ff9ebad0000 - 0x00007ff9ebad8000 	C:\windows\System32\NSI.dll
0x00007ff9e6210000 - 0x00007ff9e6226000 	C:\windows\SYSTEM32\dhcpcsvc6.DLL
0x00007ff9e61f0000 - 0x00007ff9e620a000 	C:\windows\SYSTEM32\dhcpcsvc.DLL
0x0000000070120000 - 0x0000000070131000 	C:\Program Files\Java\jdk1.8.0_171\jre\bin\nio.dll

VM Arguments:
jvm_args: -Djava.awt.headless=true -Xmx64M -Dfile.encoding=UTF-8 -Duser.country=CN -Duser.language=zh -Duser.variant 
java_command: com.google.devtools.build.android.desugar.Desugar --input D:\demo\KotlinFrameJcenter\app\build\intermediates\transforms\stackFramesFixer\debug\46.jar --output D:\demo\KotlinFrameJcenter\app\build\intermediates\transforms\desugar\debug\50.jar --input D:\demo\KotlinFrameJcenter\app\build\intermediates\transforms\stackFramesFixer\debug\71.jar --output D:\demo\KotlinFrameJcenter\app\build\intermediates\transforms\desugar\debug\75.jar --input D:\demo\KotlinFrameJcenter\app\build\intermediates\transforms\stackFramesFixer\debug\16.jar --output D:\demo\KotlinFrameJcenter\app\build\intermediates\transforms\desugar\debug\20.jar --input D:\demo\KotlinFrameJcenter\app\build\intermediates\transforms\stackFramesFixer\debug\43.jar --output D:\demo\KotlinFrameJcenter\app\build\intermediates\transforms\desugar\debug\47.jar --input D:\demo\KotlinFrameJcenter\app\build\intermediates\transforms\stackFramesFixer\debug\74.jar --output D:\demo\KotlinFrameJcenter\app\build\intermediates\transforms\desugar\debug\78.jar --input D:\demo\KotlinFrameJcenter\app\build\intermediates\transforms\stackFramesFixer\debug\78.jar --output D:\demo\KotlinFrameJcenter\app\build\intermediates\transforms\desugar\debug\82.jar --input D:\demo\KotlinFrameJcenter\app\build\intermediates\transforms\stackFramesFixer\debug\69.jar --output D:\demo\KotlinFrameJcenter\app\build\intermediates\transforms\desugar\debug\73.jar --input D:\demo\KotlinFrameJcenter\app\build\intermediates\transforms\stackFramesFixer\debug\65.jar --output D:\demo\KotlinFrameJcenter\app\build\intermediates\transforms\desugar\debug\69.jar --input D:\demo\KotlinFrameJcenter\app\build\intermediates\transforms\stackFramesFixer\debug\5.jar --output D:\demo\KotlinFrameJcenter\app\build\intermediates\transforms\desugar\debug\9.jar --input D:\demo\KotlinFrameJcenter\app\build\intermediates\transforms\stackFramesFixer\debug\64.jar --output D:\demo\KotlinFrameJcenter\app\build\intermediates\transforms\desugar\debug\68.jar --input D:\demo\
java_class_path (initial): C:\Users\Administrator\AppData\Local\Temp\desugar_deploy.jar6067486162478589407
Launcher Type: SUN_STANDARD

Environment Variables:
JAVA_HOME=C:\Program Files\Java\jdk1.8.0_171
CLASSPATH=D:\demo\KotlinFrameJcenter\\gradle\wrapper\gradle-wrapper.jar
PATH=C:\Program Files (x86)\Common Files\Oracle\Java\javapath;C:\windows\system32;C:\windows;C:\windows\System32\Wbem;C:\windows\System32\WindowsPowerShell\v1.0\;D:\Git\Git\cmd;C:\Program Files (x86)\MySQL\MySQL Utilities 1.6\;C:\Program Files\Java\jdk1.8.0_171\bin;D:\Tomcat\apache-tomcat-9.0.13\bin;C:\Program Files\Java\jdk1.8.0_171;D:\android\gradle\gradle-4.4;D:\Program Files\PuTTY\;C:\Users\Administrator\AppData\Local\Microsoft\WindowsApps;C:\Users\Administrator\AppData\Local\Programs\Fiddler;D:\Flutter\bin;
USERNAME=Administrator
OS=Windows_NT
PROCESSOR_IDENTIFIER=Intel64 Family 6 Model 158 Stepping 10, GenuineIntel



---------------  S Y S T E M  ---------------

OS: Windows 10.0 , 64 bit Build 16299 (10.0.16299.431)

CPU:total 6 (initial active 6) (6 cores per cpu, 1 threads per core) family 6 model 158 stepping 10, cmov, cx8, fxsr, mmx, sse, sse2, sse3, ssse3, sse4.1, sse4.2, popcnt, avx, avx2, aes, clmul, erms, 3dnowpref, lzcnt, tsc, tscinvbit, bmi1, bmi2, adx

Memory: 4k page, physical 12505716k(235080k free), swap 17638520k(5356k free)

vm_info: Java HotSpot(TM) 64-Bit Server VM (25.171-b11) for windows-amd64 JRE (1.8.0_171-b11), built on Mar 28 2018 16:06:12 by "java_re" with MS VC++ 10.0 (VS2010)

time: Mon Apr 22 17:05:31 2019
elapsed time: 1 seconds (0d 0h 0m 1s)

